2024-11-27 00:41:45,895 [Worker-6: Loading available Gradle versions] INFO  o.e.b.c.i.u.g.PublishedGradleVersions - Gradle version information cache is out-of-date. Trying to update.
2024-11-27 00:42:17,381 [Worker-0: Building] INFO  o.e.m.c.i.l.LifecycleMappingFactory - Using org.eclipse.m2e.jdt.JarLifecycleMapping lifecycle mapping for MavenProject: com.inn.configServer:config-server:0.0.1-SNAPSHOT @ C:\Users\ARINDAM KARMAKAR\MY-WORKSPACE\Microservices\New Social-Media-Backend\config-server\pom.xml.
2024-11-27 00:42:17,381 [Worker-2: Updating Maven Dependencies] INFO  o.e.m.c.i.l.LifecycleMappingFactory - Using org.eclipse.m2e.jdt.JarLifecycleMapping lifecycle mapping for MavenProject: com.inn.configServer:config-server:0.0.1-SNAPSHOT @ C:\Users\ARINDAM KARMAKAR\MY-WORKSPACE\Microservices\New Social-Media-Backend\config-server\pom.xml.
2024-11-27 00:42:19,510 [Worker-0: Building] INFO  o.a.m.s.f.DefaultMavenResourcesFiltering - Copying 1 resource from src\main\resources to target\classes
2024-11-27 00:42:19,526 [Worker-0: Building] INFO  o.a.m.s.f.DefaultMavenResourcesFiltering - Copying 0 resource from src\main\resources to target\classes
2024-11-27 00:42:19,529 [Worker-0: Building] INFO  o.a.m.s.f.DefaultMavenResourcesFiltering - skip non existing resourceDirectory C:\Users\ARINDAM KARMAKAR\MY-WORKSPACE\Microservices\New Social-Media-Backend\config-server\src\test\resources
2024-11-27 00:42:20,081 [Worker-5: Building] INFO  o.a.m.s.f.DefaultMavenResourcesFiltering - Copying 1 resource from src\main\resources to target\classes
2024-11-27 00:42:20,084 [Worker-5: Building] INFO  o.a.m.s.f.DefaultMavenResourcesFiltering - Copying 0 resource from src\main\resources to target\classes
2024-11-27 00:42:20,088 [Worker-5: Building] INFO  o.a.m.s.f.DefaultMavenResourcesFiltering - skip non existing resourceDirectory C:\Users\ARINDAM KARMAKAR\MY-WORKSPACE\Microservices\New Social-Media-Backend\config-server\src\test\resources
2024-11-27 00:42:20,989 [Worker-6: Updating Maven Dependencies] INFO  o.e.m.c.i.l.LifecycleMappingFactory - Using org.eclipse.m2e.jdt.JarLifecycleMapping lifecycle mapping for MavenProject: com.inn.configServer:config-server:0.0.1-SNAPSHOT @ C:\Users\ARINDAM KARMAKAR\MY-WORKSPACE\Microservices\New Social-Media-Backend\config-server\pom.xml.
2024-11-27 00:42:23,951 [Worker-7: Building] INFO  o.e.m.c.i.l.LifecycleMappingFactory - Using org.eclipse.m2e.jdt.JarLifecycleMapping lifecycle mapping for MavenProject: com.inn.gateway:api-gateway:0.0.1-SNAPSHOT @ C:\Users\ARINDAM KARMAKAR\MY-WORKSPACE\Microservices\New Social-Media-Backend\api-gateway\pom.xml.
2024-11-27 00:42:24,737 [Worker-7: Building] INFO  o.a.m.s.f.DefaultMavenResourcesFiltering - Copying 1 resource from src\main\resources to target\classes
2024-11-27 00:42:24,752 [Worker-7: Building] INFO  o.a.m.s.f.DefaultMavenResourcesFiltering - Copying 0 resource from src\main\resources to target\classes
2024-11-27 00:42:24,757 [Worker-7: Building] INFO  o.a.m.s.f.DefaultMavenResourcesFiltering - skip non existing resourceDirectory C:\Users\ARINDAM KARMAKAR\MY-WORKSPACE\Microservices\New Social-Media-Backend\api-gateway\src\test\resources
2024-11-27 00:42:25,796 [Worker-2: Updating Maven Dependencies] INFO  o.e.m.c.i.l.LifecycleMappingFactory - Using org.eclipse.m2e.jdt.JarLifecycleMapping lifecycle mapping for MavenProject: com.inn.gateway:api-gateway:0.0.1-SNAPSHOT @ C:\Users\ARINDAM KARMAKAR\MY-WORKSPACE\Microservices\New Social-Media-Backend\api-gateway\pom.xml.
2024-11-27 00:42:25,900 [Worker-10: Building] INFO  o.a.m.s.f.DefaultMavenResourcesFiltering - Copying 1 resource from src\main\resources to target\classes
2024-11-27 00:42:25,960 [Worker-10: Building] INFO  o.a.m.s.f.DefaultMavenResourcesFiltering - Copying 0 resource from src\main\resources to target\classes
2024-11-27 00:42:25,965 [Worker-10: Building] INFO  o.a.m.s.f.DefaultMavenResourcesFiltering - skip non existing resourceDirectory C:\Users\ARINDAM KARMAKAR\MY-WORKSPACE\Microservices\New Social-Media-Backend\api-gateway\src\test\resources
2024-11-27 00:42:34,696 [Worker-6: Building] INFO  o.e.m.c.i.l.LifecycleMappingFactory - Using org.eclipse.m2e.jdt.JarLifecycleMapping lifecycle mapping for MavenProject: com.inn.naming:naming-server:0.0.1-SNAPSHOT @ C:\Users\ARINDAM KARMAKAR\MY-WORKSPACE\Microservices\New Social-Media-Backend\naming-server\pom.xml.
2024-11-27 00:42:35,391 [Worker-6: Building] INFO  o.a.m.s.f.DefaultMavenResourcesFiltering - Copying 1 resource from src\main\resources to target\classes
2024-11-27 00:42:35,400 [Worker-6: Building] INFO  o.a.m.s.f.DefaultMavenResourcesFiltering - Copying 0 resource from src\main\resources to target\classes
2024-11-27 00:42:35,403 [Worker-6: Building] INFO  o.a.m.s.f.DefaultMavenResourcesFiltering - skip non existing resourceDirectory C:\Users\ARINDAM KARMAKAR\MY-WORKSPACE\Microservices\New Social-Media-Backend\naming-server\src\test\resources
2024-11-27 00:42:35,906 [Worker-4: Building] INFO  o.a.m.s.f.DefaultMavenResourcesFiltering - Copying 1 resource from src\main\resources to target\classes
2024-11-27 00:42:35,908 [Worker-4: Building] INFO  o.a.m.s.f.DefaultMavenResourcesFiltering - Copying 0 resource from src\main\resources to target\classes
2024-11-27 00:42:35,910 [Worker-4: Building] INFO  o.a.m.s.f.DefaultMavenResourcesFiltering - skip non existing resourceDirectory C:\Users\ARINDAM KARMAKAR\MY-WORKSPACE\Microservices\New Social-Media-Backend\naming-server\src\test\resources
2024-11-27 00:42:36,335 [Worker-10: Updating Maven Dependencies] INFO  o.e.m.c.i.l.LifecycleMappingFactory - Using org.eclipse.m2e.jdt.JarLifecycleMapping lifecycle mapping for MavenProject: com.inn.naming:naming-server:0.0.1-SNAPSHOT @ C:\Users\ARINDAM KARMAKAR\MY-WORKSPACE\Microservices\New Social-Media-Backend\naming-server\pom.xml.
2024-11-27 00:42:45,757 [Worker-6: Updating Maven Dependencies] INFO  o.e.m.c.i.l.LifecycleMappingFactory - Using org.eclipse.m2e.jdt.JarLifecycleMapping lifecycle mapping for MavenProject: com.inn.user:user-service:0.0.1-SNAPSHOT @ C:\Users\ARINDAM KARMAKAR\MY-WORKSPACE\Microservices\New Social-Media-Backend\user-service\pom.xml.
